<?xml version="1.0" encoding="UTF-8"?>
<!-- Generated by org.testng.reporters.JUnitReportReporter -->
<testsuite hostname="Optimus_Arpit" name="com.monkeymedia.testcases.gg" tests="1" failures="0" timestamp="6 Jun 2014 12:43:44 GMT" time="60.167" errors="0">
  <testcase name="from" time="60.167" classname="com.monkeymedia.testcases.gg"/>
</testsuite> <!-- com.monkeymedia.testcases.gg -->
