<?xml version="1.0" encoding="UTF-8"?>
<!-- Generated by org.testng.reporters.JUnitReportReporter -->
<testsuite hostname="WIN-NKHOOB6ET5N" name="com.monkeymedia.users.UserTest" tests="24" failures="0" timestamp="10 Dec 2014 09:26:11 GMT" time="315.619" errors="0">
  <testcase name="DefaultSuperUserlogin" time="8.347" classname="com.monkeymedia.users.UserTest"/>
  <testcase name="VerifyGeneralTab" time="13.608" classname="com.monkeymedia.users.UserTest"/>
  <testcase name="VerifyAssignedUser" time="7.583" classname="com.monkeymedia.users.UserTest"/>
  <testcase name="UncheckAllMenu" time="17.060" classname="com.monkeymedia.users.UserTest"/>
  <testcase name="VerifyManagerAssigned" time="7.177" classname="com.monkeymedia.users.UserTest"/>
  <testcase name="VerifyAllMenus" time="3.745" classname="com.monkeymedia.users.UserTest"/>
  <testcase name="EditMenuAccess" time="12.559" classname="com.monkeymedia.users.UserTest"/>
  <testcase name="AssignUser" time="86.649" classname="com.monkeymedia.users.UserTest"/>
  <testcase name="NormalUserLogin" time="3.636" classname="com.monkeymedia.users.UserTest"/>
  <testcase name="EditGeneralTab" time="15.242" classname="com.monkeymedia.users.UserTest"/>
  <testcase name="VerifyStoreAccess" time="4.728" classname="com.monkeymedia.users.UserTest"/>
  <testcase name="CheckBackAllMenu" time="19.158" classname="com.monkeymedia.users.UserTest"/>
  <testcase name="VerifyManager" time="6.100" classname="com.monkeymedia.users.UserTest"/>
  <testcase name="ChangeStatusInactive" time="11.140" classname="com.monkeymedia.users.UserTest"/>
  <testcase name="VerifyMenuAccess" time="3.745" classname="com.monkeymedia.users.UserTest"/>
  <testcase name="ChangeStatusActive" time="13.356" classname="com.monkeymedia.users.UserTest"/>
  <testcase name="ChangeRoleManager" time="11.701" classname="com.monkeymedia.users.UserTest"/>
  <testcase name="ChangeRoleUser" time="11.921" classname="com.monkeymedia.users.UserTest"/>
  <testcase name="NewManagerUserLogin" time="3.402" classname="com.monkeymedia.users.UserTest"/>
  <testcase name="VerifySuperUser" time="5.900" classname="com.monkeymedia.users.UserTest"/>
  <testcase name="RegisterDynamicSuperUser" time="24.339" classname="com.monkeymedia.users.UserTest"/>
  <testcase name="StoreAccessPermissions" time="13.103" classname="com.monkeymedia.users.UserTest"/>
  <testcase name="NewSuperUserLogin" time="3.354" classname="com.monkeymedia.users.UserTest"/>
  <testcase name="VerifyNormalUser" time="8.066" classname="com.monkeymedia.users.UserTest"/>
</testsuite> <!-- com.monkeymedia.users.UserTest -->
