<?xml version="1.0" encoding="UTF-8"?>
<!-- Generated by org.testng.reporters.JUnitReportReporter -->
<testsuite hostname="vandit" name="com.monkeymedia.userstoretask.UserTest" tests="1" failures="0" timestamp="30 Mar 2015 18:06:58 GMT" time="11.170" errors="0">
  <testcase name="DefaultSuperUserlogin" time="11.170" classname="com.monkeymedia.userstoretask.UserTest"/>
</testsuite> <!-- com.monkeymedia.userstoretask.UserTest -->
