<?xml version="1.0" encoding="UTF-8"?>
<!-- Generated by org.testng.reporters.JUnitReportReporter -->
<testsuite hostname="WIN-NKHOOB6ET5N" name="com.monkeymedia.menu.MenusTest" tests="107" failures="0" timestamp="10 Dec 2014 13:28:01 GMT" time="1970.809" errors="0">
  <testcase name="EditNewClass" time="10.131" classname="com.monkeymedia.menu.MenusTest"/>
  <testcase name="ChangeSequenceProdMenuItems" time="21.811" classname="com.monkeymedia.menu.MenusTest"/>
  <testcase name="VerifyFutureGuideAsPresentGuideCatering" time="6.856" classname="com.monkeymedia.menu.MenusTest"/>
  <testcase name="VerifySequenceMenuItem" time="25.786" classname="com.monkeymedia.menu.MenusTest"/>
  <testcase name="VerifyIfFutureGuideCreatedCatering" time="4.286" classname="com.monkeymedia.menu.MenusTest"/>
  <testcase name="DeleteNewDepartment" time="6.672" classname="com.monkeymedia.menu.MenusTest"/>
  <testcase name="AddNewClassCatering" time="11.890" classname="com.monkeymedia.menu.MenusTest"/>
  <testcase name="AddMenuItem3" time="81.092" classname="com.monkeymedia.menu.MenusTest"/>
  <testcase name="AddCategoryCatering" time="13.208" classname="com.monkeymedia.menu.MenusTest"/>
  <testcase name="AddTrayItemCatering" time="30.723" classname="com.monkeymedia.menu.MenusTest"/>
  <testcase name="EditCategory" time="9.753" classname="com.monkeymedia.menu.MenusTest"/>
  <testcase name="VerifyFutureGuideAsPresentGuide" time="6.718" classname="com.monkeymedia.menu.MenusTest"/>
  <testcase name="AddFlatItemCatering" time="22.391" classname="com.monkeymedia.menu.MenusTest"/>
  <testcase name="VerifyProductionCategoriesGroups" time="10.108" classname="com.monkeymedia.menu.MenusTest"/>
  <testcase name="AddMenuGroup2" time="10.704" classname="com.monkeymedia.menu.MenusTest"/>
  <testcase name="TurnStatusoffProdMenuGroup" time="7.267" classname="com.monkeymedia.menu.MenusTest"/>
  <testcase name="AddCategory2" time="13.341" classname="com.monkeymedia.menu.MenusTest"/>
  <testcase name="AddProdMenuGroup2" time="14.409" classname="com.monkeymedia.menu.MenusTest"/>
  <testcase name="VerifyCategory" time="5.784" classname="com.monkeymedia.menu.MenusTest"/>
  <testcase name="EditNewRegion" time="9.441" classname="com.monkeymedia.menu.MenusTest"/>
  <testcase name="CreateCurrentOrderGuideTrayItemCatering" time="21.204" classname="com.monkeymedia.menu.MenusTest"/>
  <testcase name="VerifySequenceCategory" time="8.082" classname="com.monkeymedia.menu.MenusTest"/>
  <testcase name="EditingCondiment" time="11.526" classname="com.monkeymedia.menu.MenusTest"/>
  <testcase name="CategoryTurnOnSellonWeb" time="7.177" classname="com.monkeymedia.menu.MenusTest"/>
  <testcase name="MakeFutureOrderGuide" time="18.124" classname="com.monkeymedia.menu.MenusTest"/>
  <testcase name="MakeFutureGuideAsPresentGuide" time="16.008" classname="com.monkeymedia.menu.MenusTest"/>
  <testcase name="VerifyNewDepartment" time="5.221" classname="com.monkeymedia.menu.MenusTest"/>
  <testcase name="CategoryStatusTurnOnCategory" time="7.260" classname="com.monkeymedia.menu.MenusTest"/>
  <testcase name="TurnStatusoffMenuGroup" time="8.206" classname="com.monkeymedia.menu.MenusTest"/>
  <testcase name="DeleteMenuGroup" time="8.310" classname="com.monkeymedia.menu.MenusTest"/>
  <testcase name="AddTrayItem" time="31.780" classname="com.monkeymedia.menu.MenusTest"/>
  <testcase name="AddNewRegion" time="12.330" classname="com.monkeymedia.menu.MenusTest"/>
  <testcase name="DeletingCondiment" time="7.839" classname="com.monkeymedia.menu.MenusTest"/>
  <testcase name="RestrictingCondiment" time="11.934" classname="com.monkeymedia.menu.MenusTest"/>
  <testcase name="EditCondimentGroup" time="11.546" classname="com.monkeymedia.menu.MenusTest"/>
  <testcase name="EditNewDepartment" time="8.195" classname="com.monkeymedia.menu.MenusTest"/>
  <testcase name="RegisterDynamicSuperUser" time="32.965" classname="com.monkeymedia.menu.MenusTest"/>
  <testcase name="AddNewClass" time="141.526" classname="com.monkeymedia.menu.MenusTest"/>
  <testcase name="VerifyRestrictedCondiment" time="8.352" classname="com.monkeymedia.menu.MenusTest"/>
  <testcase name="AddCategoryProduction" time="8.832" classname="com.monkeymedia.menu.MenusTest"/>
  <testcase name="AddMenuItemCatering2" time="77.463" classname="com.monkeymedia.menu.MenusTest"/>
  <testcase name="AddNewOrderGuideCatering" time="9.099" classname="com.monkeymedia.menu.MenusTest"/>
  <testcase name="VerifyMenuGroup" time="7.407" classname="com.monkeymedia.menu.MenusTest"/>
  <testcase name="EditProdCategory" time="9.105" classname="com.monkeymedia.menu.MenusTest"/>
  <testcase name="AddMenuGroup" time="12.039" classname="com.monkeymedia.menu.MenusTest"/>
  <testcase name="VerifyCurrentOrderGuideBoxItem" time="30.522" classname="com.monkeymedia.menu.MenusTest"/>
  <testcase name="VerifyIfFutureGuideCreated" time="4.713" classname="com.monkeymedia.menu.MenusTest"/>
  <testcase name="AssignOrderGuidesToStoreCatering" time="11.702" classname="com.monkeymedia.menu.MenusTest"/>
  <testcase name="ChangeSequenceProdGroups" time="15.377" classname="com.monkeymedia.menu.MenusTest"/>
  <testcase name="VerifyEditedCategory" time="5.971" classname="com.monkeymedia.menu.MenusTest"/>
  <testcase name="AddProductionItem3" time="28.068" classname="com.monkeymedia.menu.MenusTest"/>
  <testcase name="AddNewDepartment" time="8.642" classname="com.monkeymedia.menu.MenusTest"/>
  <testcase name="EditProdMenuGroup" time="10.159" classname="com.monkeymedia.menu.MenusTest"/>
  <testcase name="AddMenuItemCatering3" time="77.361" classname="com.monkeymedia.menu.MenusTest"/>
  <testcase name="AddBoxItem" time="25.815" classname="com.monkeymedia.menu.MenusTest"/>
  <testcase name="AddBoxItemCatering" time="24.115" classname="com.monkeymedia.menu.MenusTest"/>
  <testcase name="AddAnotherNewOrderGuideCatering" time="9.577" classname="com.monkeymedia.menu.MenusTest"/>
  <testcase name="VerifyEditProdMenuGroup" time="6.059" classname="com.monkeymedia.menu.MenusTest"/>
  <testcase name="DeleteProdMenuGroup" time="8.924" classname="com.monkeymedia.menu.MenusTest"/>
  <testcase name="CreateCurrentOrderGuideFlatItemCatering" time="22.948" classname="com.monkeymedia.menu.MenusTest"/>
  <testcase name="AddMenuItem4" time="77.200" classname="com.monkeymedia.menu.MenusTest"/>
  <testcase name="VerifyCondiment" time="6.013" classname="com.monkeymedia.menu.MenusTest"/>
  <testcase name="AddMenuGroup3" time="14.184" classname="com.monkeymedia.menu.MenusTest"/>
  <testcase name="EditStore" time="10.565" classname="com.monkeymedia.menu.MenusTest"/>
  <testcase name="ChangeSequenceProdCategory" time="12.290" classname="com.monkeymedia.menu.MenusTest"/>
  <testcase name="LinkingCondimentsToOpposite" time="9.580" classname="com.monkeymedia.menu.MenusTest"/>
  <testcase name="VerifyCondiments" time="6.092" classname="com.monkeymedia.menu.MenusTest"/>
  <testcase name="ChangeSequenceMenuItems" time="26.159" classname="com.monkeymedia.menu.MenusTest"/>
  <testcase name="CreateCurrentOrderGuideFlatItem" time="20.908" classname="com.monkeymedia.menu.MenusTest"/>
  <testcase name="AddNewOrderGuide" time="10.698" classname="com.monkeymedia.menu.MenusTest"/>
  <testcase name="ReAddProdMenuGroup" time="10.454" classname="com.monkeymedia.menu.MenusTest"/>
  <testcase name="ChangeSequenceGroups" time="13.367" classname="com.monkeymedia.menu.MenusTest"/>
  <testcase name="VerifyClassMenuItemsCategoriesItems" time="10.391" classname="com.monkeymedia.menu.MenusTest"/>
  <testcase name="VerifyNewClassCatering" time="5.500" classname="com.monkeymedia.menu.MenusTest"/>
  <testcase name="ProdAddMenuGroup" time="9.705" classname="com.monkeymedia.menu.MenusTest"/>
  <testcase name="MakeFutureOrderGuideCatering" time="18.560" classname="com.monkeymedia.menu.MenusTest"/>
  <testcase name="VerifySequenceProdMenuItem" time="22.111" classname="com.monkeymedia.menu.MenusTest"/>
  <testcase name="CreateCurrentOrderGuideTrayItem" time="21.060" classname="com.monkeymedia.menu.MenusTest"/>
  <testcase name="AddCategory" time="12.431" classname="com.monkeymedia.menu.MenusTest"/>
  <testcase name="VerifySequenceProdGroups" time="7.023" classname="com.monkeymedia.menu.MenusTest"/>
  <testcase name="VerifySequenceProdCategory" time="6.842" classname="com.monkeymedia.menu.MenusTest"/>
  <testcase name="AddMenuItem2" time="77.315" classname="com.monkeymedia.menu.MenusTest"/>
  <testcase name="VerifySequenceGroups" time="6.809" classname="com.monkeymedia.menu.MenusTest"/>
  <testcase name="AddMenuItem" time="79.720" classname="com.monkeymedia.menu.MenusTest"/>
  <testcase name="AddMenuGroupMenuItemCatering" time="10.626" classname="com.monkeymedia.menu.MenusTest"/>
  <testcase name="VerifyProdMenuGroup" time="6.056" classname="com.monkeymedia.menu.MenusTest"/>
  <testcase name="VerifyCurrentOrderGuideBoxItemCatering" time="30.734" classname="com.monkeymedia.menu.MenusTest"/>
  <testcase name="MakeFutureGuideAsPresentGuideCatering" time="16.719" classname="com.monkeymedia.menu.MenusTest"/>
  <testcase name="ChangeSequenceCategory" time="12.561" classname="com.monkeymedia.menu.MenusTest"/>
  <testcase name="AddProductionItem" time="26.661" classname="com.monkeymedia.menu.MenusTest"/>
  <testcase name="VerifyEditNewDepartment" time="5.249" classname="com.monkeymedia.menu.MenusTest"/>
  <testcase name="VerifyNewClass" time="5.251" classname="com.monkeymedia.menu.MenusTest"/>
  <testcase name="AddFlatItem" time="21.532" classname="com.monkeymedia.menu.MenusTest"/>
  <testcase name="VerifyEditedProdCategory" time="5.266" classname="com.monkeymedia.menu.MenusTest"/>
  <testcase name="AssignOrderGuidesToStore" time="11.624" classname="com.monkeymedia.menu.MenusTest"/>
  <testcase name="AddAnotherNewOrderGuide" time="9.157" classname="com.monkeymedia.menu.MenusTest"/>
  <testcase name="AddingCondimentGroup" time="11.839" classname="com.monkeymedia.menu.MenusTest"/>
  <testcase name="VerifyEditMenuGroup" time="6.951" classname="com.monkeymedia.menu.MenusTest"/>
  <testcase name="AddMenuItemCatering" time="77.771" classname="com.monkeymedia.menu.MenusTest"/>
  <testcase name="VerifyEditNewClass" time="5.480" classname="com.monkeymedia.menu.MenusTest"/>
  <testcase name="AddMenuGroupMenuItem" time="10.266" classname="com.monkeymedia.menu.MenusTest"/>
  <testcase name="AddStores" time="21.559" classname="com.monkeymedia.menu.MenusTest"/>
  <testcase name="AddingCondiment" time="15.160" classname="com.monkeymedia.menu.MenusTest"/>
  <testcase name="VerifyProdCategory" time="5.204" classname="com.monkeymedia.menu.MenusTest"/>
  <testcase name="AddProductionItem2" time="27.909" classname="com.monkeymedia.menu.MenusTest"/>
  <testcase name="EditMenuGroup" time="11.725" classname="com.monkeymedia.menu.MenusTest"/>
  <testcase name="ProdCategoryStatusOn" time="6.678" classname="com.monkeymedia.menu.MenusTest"/>
</testsuite> <!-- com.monkeymedia.menu.MenusTest -->
