<?xml version="1.0" encoding="UTF-8"?>
<!-- Generated by org.testng.reporters.JUnitReportReporter -->
<testsuite hostname="WIN-NKHOOB6ET5N" name="com.monkeymedia.tasks.TaskTest" tests="15" failures="0" timestamp="10 Dec 2014 10:32:50 GMT" time="173.107" errors="0">
  <testcase name="AddTaskType" time="12.715" classname="com.monkeymedia.tasks.TaskTest"/>
  <testcase name="VerifyEditTaskType" time="7.115" classname="com.monkeymedia.tasks.TaskTest"/>
  <testcase name="SearchDueDate" time="8.456" classname="com.monkeymedia.tasks.TaskTest"/>
  <testcase name="RegisterDynamicSuperUser" time="35.119" classname="com.monkeymedia.tasks.TaskTest"/>
  <testcase name="NavigateTaskTypesPage" time="6.350" classname="com.monkeymedia.tasks.TaskTest"/>
  <testcase name="VerifyTaskType" time="6.069" classname="com.monkeymedia.tasks.TaskTest"/>
  <testcase name="EditGeneralTab" time="17.242" classname="com.monkeymedia.tasks.TaskTest"/>
  <testcase name="CompletionDateAddTask" time="9.939" classname="com.monkeymedia.tasks.TaskTest"/>
  <testcase name="VerifyAddedTaskCompletionDate" time="9.564" classname="com.monkeymedia.tasks.TaskTest"/>
  <testcase name="DueDateAddTask" time="9.657" classname="com.monkeymedia.tasks.TaskTest"/>
  <testcase name="AddTaskSameOrderId" time="13.370" classname="com.monkeymedia.tasks.TaskTest"/>
  <testcase name="VerifyAddedTaskDueDate" time="10.376" classname="com.monkeymedia.tasks.TaskTest"/>
  <testcase name="SearchCompletionDate" time="8.785" classname="com.monkeymedia.tasks.TaskTest"/>
  <testcase name="EditTaskType" time="11.282" classname="com.monkeymedia.tasks.TaskTest"/>
  <testcase name="NavigateAddTaskPage" time="7.068" classname="com.monkeymedia.tasks.TaskTest"/>
</testsuite> <!-- com.monkeymedia.tasks.TaskTest -->
