<?xml version="1.0" encoding="UTF-8"?>
<!-- Generated by org.testng.reporters.JUnitReportReporter -->
<testsuite hostname="ArpitLap-12" name="com.monkeymedia.menu.Probe" tests="1" failures="0" timestamp="21 Oct 2014 12:11:14 GMT" time="0.127" errors="0">
  <testcase name="CurrentDate" time="0.127" classname="com.monkeymedia.menu.Probe"/>
</testsuite> <!-- com.monkeymedia.menu.Probe -->
