<?xml version="1.0" encoding="UTF-8"?>
<!-- Generated by org.testng.reporters.JUnitReportReporter -->
<testsuite hostname="Optimus_Arpit" name="com.monkeymedia.testcases.LoginTest" tests="1" failures="0" timestamp="7 Jun 2014 16:57:45 GMT" time="0.025" errors="0">
  <testcase name="test" time="0.025" classname="com.monkeymedia.testcases.LoginTest"/>
</testsuite> <!-- com.monkeymedia.testcases.LoginTest -->
