<?xml version="1.0" encoding="UTF-8"?>
<!-- Generated by org.testng.reporters.JUnitReportReporter -->
<testsuite hostname="WIN-NKHOOB6ET5N" name="com.monkeymedia.OperationalReports.ORTest" tests="19" failures="0" timestamp="10 Dec 2014 14:16:38 GMT" time="96.566" errors="0">
  <testcase name="VerifyingMMreport" time="2.840" classname="com.monkeymedia.OperationalReports.ORTest"/>
  <testcase name="VerifyingServicePerformancePage" time="4.571" classname="com.monkeymedia.OperationalReports.ORTest"/>
  <testcase name="GeneratingEBAreport" time="3.386" classname="com.monkeymedia.OperationalReports.ORTest"/>
  <testcase name="VerifyClientLeadList" time="5.820" classname="com.monkeymedia.OperationalReports.ORTest"/>
  <testcase name="VerifyingExportBillingPage" time="4.712" classname="com.monkeymedia.OperationalReports.ORTest"/>
  <testcase name="GeneratingCLLreport" time="3.480" classname="com.monkeymedia.OperationalReports.ORTest"/>
  <testcase name="GeneratingSCreport" time="3.387" classname="com.monkeymedia.OperationalReports.ORTest"/>
  <testcase name="VerifyClientDateEdit" time="4.572" classname="com.monkeymedia.OperationalReports.ORTest"/>
  <testcase name="VerifyingMenuMixPage" time="11.701" classname="com.monkeymedia.OperationalReports.ORTest"/>
  <testcase name="GeneratingOMreport" time="5.056" classname="com.monkeymedia.OperationalReports.ORTest"/>
  <testcase name="GeneratingMMreport" time="4.385" classname="com.monkeymedia.OperationalReports.ORTest"/>
  <testcase name="VerifyingSleepyClientsPage" time="4.619" classname="com.monkeymedia.OperationalReports.ORTest"/>
  <testcase name="GeneratingSPreport" time="3.855" classname="com.monkeymedia.OperationalReports.ORTest"/>
  <testcase name="VerifyingSalesBillingAccountPage" time="4.587" classname="com.monkeymedia.OperationalReports.ORTest"/>
  <testcase name="VerifyingOrderMethodsPage" time="4.743" classname="com.monkeymedia.OperationalReports.ORTest"/>
  <testcase name="GeneratingSBAreport" time="6.584" classname="com.monkeymedia.OperationalReports.ORTest"/>
  <testcase name="ExportOMreport" time="7.831" classname="com.monkeymedia.OperationalReports.ORTest"/>
  <testcase name="GeneratingCDEreport" time="4.619" classname="com.monkeymedia.OperationalReports.ORTest"/>
  <testcase name="ExportCLLreport" time="5.818" classname="com.monkeymedia.OperationalReports.ORTest"/>
</testsuite> <!-- com.monkeymedia.OperationalReports.ORTest -->
