<?xml version="1.0" encoding="UTF-8"?>
<!-- Generated by org.testng.reporters.JUnitReportReporter -->
<testsuite hostname="Vandit" name="com.BGCContracting.scheduling.UserTest" tests="2" failures="0" timestamp="28 May 2015 17:42:58 GMT" time="40.378" errors="0">
  <testcase name="AddValidSchedule" time="32.104" classname="com.BGCContracting.scheduling.UserTest"/>
  <testcase name="DefaultUserlogin" time="8.274" classname="com.BGCContracting.scheduling.UserTest"/>
</testsuite> <!-- com.BGCContracting.scheduling.UserTest -->
