<?xml version="1.0" encoding="UTF-8"?>
<!-- Generated by org.testng.reporters.JUnitReportReporter -->
<testsuite hostname="Vandit" name="com.BGCContracting.scheduling.Projects" tests="4" failures="0" timestamp="15 Jul 2015 19:02:52 GMT" time="123.914" errors="0">
  <testcase name="AddSiteAdministrators" time="45.927" classname="com.BGCContracting.scheduling.Projects"/>
  <testcase name="DeleteSiteAdministrators" time="21.980" classname="com.BGCContracting.scheduling.Projects"/>
  <testcase name="AddSiteSuperindent" time="32.228" classname="com.BGCContracting.scheduling.Projects"/>
  <testcase name="DeleteSiteSuperindent" time="23.779" classname="com.BGCContracting.scheduling.Projects"/>
</testsuite> <!-- com.BGCContracting.scheduling.Projects -->
