<?xml version="1.0" encoding="UTF-8"?>
<!-- Generated by org.testng.reporters.JUnitReportReporter -->
<testsuite hostname="OPTIMUS-89" name="com.RestNRoam.RestNRoam.RestNRoamTest" tests="1" failures="0" timestamp="31 Jul 2015 09:35:50 GMT" time="22.266" errors="0">
  <testcase name="CreatePropertySavePrices" time="22.266" classname="com.RestNRoam.RestNRoam.RestNRoamTest"/>
</testsuite> <!-- com.RestNRoam.RestNRoam.RestNRoamTest -->
