<?xml version="1.0" encoding="UTF-8"?>
<!-- Generated by org.testng.reporters.JUnitReportReporter -->
<testsuite hostname="Optimus_Arpit" name="com.monkeymedia.testcases.UsersTest" tests="2" failures="0" timestamp="7 Jun 2014 17:03:38 GMT" time="61.074" errors="0">
  <testcase name="NewUserLogin" time="32.045" classname="com.monkeymedia.testcases.UsersTest"/>
  <testcase name="CUser" time="29.029" classname="com.monkeymedia.testcases.UsersTest"/>
</testsuite> <!-- com.monkeymedia.testcases.UsersTest -->
