<?xml version="1.0" encoding="UTF-8"?>
<!-- Generated by org.testng.reporters.JUnitReportReporter -->
<testsuite hostname="Vandit" name="com.BGCContracting.scheduling.StoresTest" tests="1" failures="0" timestamp="29 May 2015 03:38:54 GMT" time="26.165" errors="0">
  <testcase name="AddValidCrew" time="26.165" classname="com.BGCContracting.scheduling.StoresTest"/>
</testsuite> <!-- com.BGCContracting.scheduling.StoresTest -->
