<?xml version="1.0" encoding="UTF-8"?>
<!-- Generated by org.testng.reporters.JUnitReportReporter -->
<testsuite hostname="Vandit" name="com.BGCContracting.scheduling.SchedulingMode" tests="1" failures="0" timestamp="11 Jun 2015 19:38:39 GMT" time="34.506" errors="0">
  <testcase name="AddScheduleInvalidDay" time="34.506" classname="com.BGCContracting.scheduling.SchedulingMode"/>
</testsuite> <!-- com.BGCContracting.scheduling.SchedulingMode -->
